8086/87/88/186 MACRO ASSEMBLER    STARTUP                                                  19:30:14  06/03/;6  PAGE    1


DOS 5.0 (038-N) 8086/87/88/186 MACRO ASSEMBLER V3.1 ASSEMBLY OF MODULE STARTUP
OBJECT MODULE PLACED IN STARTUP.OBJ
ASSEMBLER INVOKED BY:  C:\WINDOWS\SYSTEM32\ASM86.EXE STARTUP.ASM M1 EP DB


LOC  OBJ                  LINE     SOURCE

                             1             NAME    STARTUP
                             2     
                             3     ;;;;;;;;;;;;;;;;;;;;;;;;;;;;;;;;;;;;;;;;;;;;;;;;;;;;;;;;;;;;;;;;;;;;;;;;;;;;;;
                             4     ;                                                                            ;
                             5     ;                                   C0SMROM                                  ;
                             6     ;                               Startup Template                             ;
                             7     ;                    Intel C Small Memory Model, ROM Option                  ;
                             8     ;                                                                            ;
                             9     ;;;;;;;;;;;;;;;;;;;;;;;;;;;;;;;;;;;;;;;;;;;;;;;;;;;;;;;;;;;;;;;;;;;;;;;;;;;;;;
                            10     
                            11     ; This file contains a template for the startup code used when interfacing to
                            12     ; C code compiled with the Intel C compiler using the small memory model and
                            13     ; ROM option.  It assumes nothing about the system hardware, it's main purpose
                            14     ; is to setup the groups and segments correctly.  Note that most segments are
                            15     ; empty, they are present only for the GROUP definitions.  The actual startup
                            16     ; code for a system would include definitions for the global variables and all
                            17     ; of the system initialization.  Note that the CONST segment does not exist
                            18     ; for ROMmable code (it is automatically made part of the CODE segment by the
                            19     ; compiler).
                            20     ;
                            21     ;
                            22     ;    4/19/16  Tim Liu       Added initcs and created infinite loop
                            23     ;    4/19/16  Tim Liu       Changed name to STARTUP
                            24     ;    4/19/16  Tim Liu       Reordered assumes and group declarations
                            25     ;    4/19/16  Tim Liu       Added START and END START CS:IP init
                            26     ;    4/20/16  Tim Liu       Added write to LMCS before func calls
                            27     ;    4/21/16  Tim Liu       Added calls to set up timer0 and buttons
                            28     ;    4/28/16  Tim Liu       Temporarily replaced main call with infinite loop
                            29     ;    5/7/16   Tim Liu       Added call to InitClock
                            30     ;    5/19/16  Tim Liu       Added commented out call to InstallDreqHandler
                            31     ;    5/30/16  Tim Liu       Removed commented out external function calls
                            32     ;    6/3/16   Tim Liu       Added boot segment
                            33     ; local include files
                            34     
                            35 +1  $INCLUDE(INITREG.INC)
                      =1    36     ;;;;;;;;;;;;;;;;;;;;;;;;;;;;;;;;;;;;;;;;;;;;;;;;;;;;;;;;;;;;;;;;;;;;;;;;;;;;;;
                      =1    37     ;                                                                            ;
                      =1    38     ;                                 initreg.INC                                ;
                      =1    39     ;                       Initialize Registers MP3 Include File                ;
                      =1    40     ;                                   EE/CS 52                                 ;
                      =1    41     ;                                                                            ;
                      =1    42     ;;;;;;;;;;;;;;;;;;;;;;;;;;;;;;;;;;;;;;;;;;;;;;;;;;;;;;;;;;;;;;;;;;;;;;;;;;;;;;
                      =1    43     
                      =1    44     ; This file contains the definitions for initcs.asm.
                      =1    45     ;
                      =1    46     ; Revision History:
                      =1    47     ;    11/4/15     Timothy Liu     initial revision
                      =1    48     ;    11/5/15     Timothy Liu     fixed formatting
                      =1    49     ;    11/17/15    Timothy Liu     changed to only have values for initcs.asm
                      =1    50     ;    4/4/16      Timothy Liu     changed name to InitCSM to signify file
8086/87/88/186 MACRO ASSEMBLER    STARTUP                                                  19:30:14  06/03/;6  PAGE    2


LOC  OBJ                  LINE     SOURCE

                      =1    51     ;                                is for 80188 MP3 player
                      =1    52     ;    4/4/16      Timothy Liu     added MMCS, LMCs UMCS reg and val definitions
                      =1    53     ;                                but no values
                      =1    54     ;    4/5/16      Timothy Liu     NOTE: control reg vals/address not added yet
                      =1    55     ;    4/19/16     Timothy Liu     wrote register addresses and control reg vals
                      =1    56     ;    5/9/16      Timothy Liu     changed MMCSval start address
                      =1    57     ;    6/3/16      Timothy Liu     changed LMCS value to 1 wait state
                      =1    58     ;    6/3/16      Timothy Liu     changed UMCS value to 1 wait state
                      =1    59     ;    6/3/16      Timothy Liu     changed UMCS value to 3 wait states
                      =1    60     
                      =1    61     
                      =1    62     ; Chip Select Unit Definitions
                      =1    63     
                      =1    64     ; Addresses
  FFA4                =1    65     PACSreg         EQU     0FFA4H          ;address of PACS register
  FFA8                =1    66     MPCSreg         EQU     0FFA8H          ;address of MPCS register
  FFA6                =1    67     MMCSreg         EQU     0FFA6H          ;address of MMCS register
  FFA2                =1    68     LMCSreg         EQU     0FFA2H          ;address of LMCS register
  FFA0                =1    69     UMCSreg         EQU     0FFA0H          ;address of UMCS register
                      =1    70     
                      =1    71     ; Control Register Values
  0003                =1    72     PACSval         EQU     00003H          ;PCS base at 0, 3 wait states
                      =1    73                                             ;0000000000------  starts at address 0
                      =1    74                                             ;----------000---  reserved
                      =1    75                                             ;-------------0--  wait for RDY inputs
                      =1    76                                             ;--------------11  3 wait states
  4083                =1    77     MPCSval         EQU     04083H          ;PCS in I/O space, use PCS5/6, 3 wait states
                      =1    78                                             ;0---------000---  reserved
                      =1    79                                             ;-1000000--------  MCS is 512KB
                      =1    80                                             ;--------1-------  output PCS5/PCS6
                      =1    81                                             ;---------0------  PCS in I/O space
                      =1    82                                             ;-------------0--  wait for RDY inputs
                      =1    83                                             ;--------------11  3 wait states
                      =1    84     
  8003                =1    85     MMCSval        EQU     08003H           ;MMCS base 80000H, 3 wait states
                      =1    86                                             ;1000000---------  start address
                      =1    87                                             ;-------000000---  reserved
                      =1    88                                             ;-------------0--  enable bus ready
                      =1    89                                             ;--------------11  3 wait states
                      =1    90     
  07C0                =1    91     LMCSval        EQU     007C0H           ;LCS end at 07FFFFH, 3 wait states
                      =1    92                                             ;00--------------  reserved
                      =1    93                                             ;--00011111------  end address
                      =1    94                                             ;----------000---  reserved
                      =1    95                                             ;-------------0--  enable bus ready
                      =1    96                                             ;--------------00  0 wait states
                      =1    97     
  3002                =1    98     UMCSval        EQU     03002H           ;UCS base at F0000H, 3 wait states
                      =1    99                                             ;00--------------  reserved
                      =1   100                                             ;--11000000------  start address F0000
                      =1   101                                             ;----------000---  reserved
                      =1   102                                             ;-------------0--  enable bus ready
                      =1   103                                             ;--------------10  2 wait states
                      =1   104     
                      =1   105     
8086/87/88/186 MACRO ASSEMBLER    STARTUP                                                  19:30:14  06/03/;6  PAGE    3


LOC  OBJ                  LINE     SOURCE

                      =1   106     
                      =1   107     
                      =1   108     
                      =1   109     
                      =1   110     
                      =1   111     
                      =1   112     
                      =1   113     
                      =1   114     
                      =1   115     
                      =1   116     
                           117     
                           118     
                           119     ; setup code and data groups
                           120     CGROUP  GROUP   CODE
                           121     DGROUP  GROUP   DATA, STACK
                           122     
                           123     ; segment register assumptions
                           124     
                           125             ASSUME  CS:CGROUP, DS:DGROUP, ES:NOTHING, SS:DGROUP
                           126     
                           127     
                           128     
                           129     
                           130     ; the actual startup code - should be executed (jumped to) after reset
                           131     
----                       132     CODE    SEGMENT  WORD  PUBLIC  'CODE'
                           133     
                           134     
                           135             EXTRN    main:NEAR                  ;declare the main function
                           136             EXTRN    InitCS:NEAR                ;initialize chip selects
                           137             EXTRN    ClrIRQVectors:NEAR         ;clear interrupt vector table
                           138             EXTRN    InstallTimer0Handler:NEAR  ;install timer 0 handler
                           139             EXTRN    InitTimer0:NEAR            ;start up timer0
                           140             EXTRN    InitButtons:NEAR           ;initialize the buttons
                           141             EXTRN    InitDisplayLCD:NEAR        ;initialize the LCD display
                           142             EXTRN    InitClock:NEAR             ;initialize MP3 clock
                           143             EXTRN    InstallTimer1Handler:NEAR  ;install timer 1 handler
                           144             EXTRN    InitTimer1:NEAR            ;start up timer 1
                           145             EXTRN    InstallDreqHandler:NEAR    ;install audio data request handler
                           146     
                           147     
                           148     
0000                       149     START LABEL FAR                         ;start the program
0000 FA                    150             CLI                             ;disable interrupts
0001 B8----         R      151             MOV     AX, DGROUP              ;initialize the stack pointer
0004 8ED0                  152             MOV     SS, AX
0006 BC800290       R      153             MOV     SP, OFFSET(DGROUP:TopOfStack)
                           154     
000A B8----         R      155             MOV     AX, DGROUP              ;initialize the data segment
000D 8ED8                  156             MOV     DS, AX
                           157     
                           158             ;;;;;;;;;;;;;;;;;;;;;;;;;;;;;;;;;;;;;;
                           159             ; user initialization code goes here ;
                           160             ;;;;;;;;;;;;;;;;;;;;;;;;;;;;;;;;;;;;;;
8086/87/88/186 MACRO ASSEMBLER    STARTUP                                                  19:30:14  06/03/;6  PAGE    4


LOC  OBJ                  LINE     SOURCE

                           161     
000F BAA2FF                162             MOV     DX, LMCSreg             ;setup to write to MPCS register
0012 B8C007                163             MOV     AX, LMCSval
0015 EE                    164             OUT     DX, AL                  ;write MPCSval to MPCS
                           165     
0016 E80000         E      166             CALL    InitCS                  ;initialize chip selects
0019 E80000         E      167             CALL    ClrIRQVectors           ;clear interrupt vector table
                           168     
001C E80000         E      169             CALL    InitButtons             ;initialize the buttons
001F E80000         E      170             CALL    InitDisplayLCD          ;initialize the LCD display
0022 E80000         E      171             CALL    InitClock               ;initialize the MP3 clock
                           172     
0025 E80000         E      173             CALL    InstallTimer0Handler    ;install handler
0028 E80000         E      174             CALL    InstallTimer1Handler    ;install timer1 handler
002B E80000         E      175             CALL    InitTimer0              ;initialize timer0 for button interrupt
002E E80000         E      176             CALL    InitTimer1              ;initialize timer1 for DRAM refresh
0031 E80000         E      177             CALL    InstallDreqHandler      ;install handler for audio data request
                           178     
0034 FB                    179             STI                             ;enable interrupts
                           180     
0035 E80000         E      181             CALL    main                    ;run the main function (no arguments)
                           182     
0038                       183     Infinite:                               ;should not reach label - means MAIN returned
                           184     
0038 EA0000----     R      185             JMP     START                   ;if return - reinitialize and try again
                           186     
                           187     
----                       188     CODE    ENDS
                           189     
                           190     ; the stack segment - used for subroutine linkage, argument passing, and
                           191     ; local variables
                           192     
----                       193     STACK   SEGMENT  WORD  STACK  'STACK'
                           194     
                           195     
0000 (80                   196             DB      80 DUP ('Stack   ')             ;320 words
     537461636B2020
     20
     )
                           197     
0280                       198     TopOfStack      LABEL   WORD
                           199     
                           200     
----                       201     STACK   ENDS
                           202     
                           203     ; the data segment - used for static and global variables
                           204     
----                       205     DATA    SEGMENT  WORD  PUBLIC  'DATA'
                           206     
                           207     
----                       208     DATA    ENDS
                           209     
                           210     
                           211     ; boot segment - code executes from here on reset
                           212     
8086/87/88/186 MACRO ASSEMBLER    STARTUP                                                  19:30:14  06/03/;6  PAGE    5


LOC  OBJ                  LINE     SOURCE

----                       213     BOOT    SEGMENT  WORD   PUBLIC  'BOOT'
                           214     
0000 BAA0FF                215         MOV    DX, UMCSreg           ;UMCS register address
0003 B80230                216         MOV    AX, UMCSval           ;value to write to UMCS register
0006 EF                    217         OUT    DX, AX                ;output to register
0007 EA0000----     R      218         JMP    START                 ;jump to startup code
                           219     
----                       220     BOOT ENDS
                           221     
                           222             END

ASSEMBLY COMPLETE, NO ERRORS FOUND
