8086/87/88/186 MACRO ASSEMBLER    AUDIO                                                    18:18:53  05/30/;6  PAGE    1


DOS 5.0 (038-N) 8086/87/88/186 MACRO ASSEMBLER V3.1 ASSEMBLY OF MODULE AUDIO
OBJECT MODULE PLACED IN AUDIO.OBJ
ASSEMBLER INVOKED BY:  C:\WINDOWS\SYSTEM32\ASM86.EXE AUDIO.ASM M1 EP DB


LOC  OBJ                  LINE     SOURCE

                             1         NAME    AUDIO
                             2     ;;;;;;;;;;;;;;;;;;;;;;;;;;;;;;;;;;;;;;;;;;;;;;;;;;;;;;;;;;;;;;;;;;;;;;;;;;;;;;
                             3     ;                                                                            ;
                             4     ;                                  AUDIO Code                                ;
                             5     ;                           Audio Related Functions                          ;
                             6     ;                                   EE/CS 52                                 ;
                             7     ;                                                                            ;
                             8     ;;;;;;;;;;;;;;;;;;;;;;;;;;;;;;;;;;;;;;;;;;;;;;;;;;;;;;;;;;;;;;;;;;;;;;;;;;;;;;
                             9     
                            10     ; Description: This file contains the functions relating to the audio
                            11     ;              output.
                            12     
                            13     ; Table of Contents
                            14     ;
                            15     ;    AudioIRQOn   -turns on INT0 audio data request interrupts
                            16     ;    AudioEH      -event handler for audio data request interrupts
                            17     ;    AudioOutput  -outputs audio data to the MP3 decoder
                            18     ;    Audio_Play   -sets up shared variables for outputting audio
                            19     ;    Audio_Halt   -stops audio play by turning off ICON0 interrupts
                            20     ;    Update       -returns if NextBuffer is empty
                            21     
                            22     
                            23     ; Revision History:
                            24     ;
                            25     ;    5/18/16    Tim Liu    created file
                            26     ;    5/20/16    Tim Liu    wrote outlines for all functions
                            27     ;    5/20/16    Tim Liu    wrote Audio_Halt and AudioEH
                            28     ;    5/21/16    Tim Liu    wrote AudioOutput
                            29     ;    5/21/16    Tim Liu    wrote Audio_Play
                            30     ;    5/21/16    Tim Liu    wrote AudioIRQOn
                            31     ;    5/21/16    Tim Liu    wrote Update
                            32     ;    5/29/16    Tim Liu    added EOI to audio event handler
                            33     ;    5/30/16    Tim Liu    bug fixes found in Audio Stub
                            34     ;    5/30/16    Tim Liu    changed buffer indices from [1] to [2]
                            35     ;                          to accommodate copying words
                            36     ;    5/30/16    Tim Liu    in AudioOutput, changed INC SI to add
                            37     ;                          1 to SI so that carry flag is set
                            38     ;    5/30/16    Tim Liu    in AudioOutput, changed outputting AX
                            39     ;                          to outputting AL
                            40     ;
                            41     ; local include files
                            42 +1  $INCLUDE(AUDIO.INC)
                      =1    43     ;;;;;;;;;;;;;;;;;;;;;;;;;;;;;;;;;;;;;;;;;;;;;;;;;;;;;;;;;;;;;;;;;;;;;;;;;;;;;;
                      =1    44     ;                                                                            ;
                      =1    45     ;                                  AUDIO.INC                                 ;
                      =1    46     ;                             Audio Include File                             ;
                      =1    47     ;                                   EE/CS 52                                 ;
                      =1    48     ;                                                                            ;
                      =1    49     ;;;;;;;;;;;;;;;;;;;;;;;;;;;;;;;;;;;;;;;;;;;;;;;;;;;;;;;;;;;;;;;;;;;;;;;;;;;;;;
                      =1    50     ;
8086/87/88/186 MACRO ASSEMBLER    AUDIO                                                    18:18:53  05/30/;6  PAGE    2


LOC  OBJ                  LINE     SOURCE

                      =1    51     ; Description: This file contains the definitions for audio.asm
                      =1    52     
  0020                =1    53     Bytes_Per_Transfer        EQU    32      ;can send 32 bytes each DREQ interrupt
                      =1    54                                              ;the number of bytes per data buffer
                      =1    55                                              ;MUST be a multiple of this constant
                      =1    56     
  0100                =1    57     PCS2Address               EQU    100H    ;address to output DB0-6 of MP3 data
  0180                =1    58     PCS3Address               EQU    180H    ;address to output DB7 of MP3 data
                      =1    59                                              ;DB7 is output first, and PCS3
                      =1    60                                              ;triggers the BSYNC signal
                            61 +1  $INCLUDE(MIRQ.INC)
                      =1    62     ;;;;;;;;;;;;;;;;;;;;;;;;;;;;;;;;;;;;;;;;;;;;;;;;;;;;;;;;;;;;;;;;;;;;;;;;;;;;;;
                      =1    63     ;                                                                            ;
                      =1    64     ;                                   MIRQ.INC                                 ;
                      =1    65     ;                          MP3 Interrupt Include File                        ;
                      =1    66     ;                                   EE/CS 52                                 ;
                      =1    67     ;                                                                            ;
                      =1    68     ;;;;;;;;;;;;;;;;;;;;;;;;;;;;;;;;;;;;;;;;;;;;;;;;;;;;;;;;;;;;;;;;;;;;;;;;;;;;;;
                      =1    69     
                      =1    70     ; This file contains the definitions for initcs.asm.
                      =1    71     ;
                      =1    72     ; Revision History:
                      =1    73     ;    4/4/16     Timothy Liu     created file and wrote definitions w/o values
                      =1    74     ;    5/19/16    Timothy Liu     added INT0 interrupt definition
                      =1    75     
                      =1    76     
                      =1    77     ;Interrupt Vector Table
  0001                =1    78     FIRST_RESERVED_VEC           EQU        1       ;reserve vectors 1-3
  0003                =1    79     LAST_RESERVED_VEC            EQU          3
  0100                =1    80     NUM_IRQ_VECTORS              EQU      256    ;number of interrupt vectors
  0004                =1    81     INTERRUPT_SIZE               EQU        4    ;each vector is 4 addresses large
                      =1    82     
                      =1    83     ;Addresses
  FF22                =1    84     INTCtrlrEOI     EQU     0FF22H          ;address of interrupt controller EOI register
  FF32                =1    85     INTCtrlrCtrl    EQU     0FF32H          ;address of interrupt controller for timer
                      =1    86     
  FF38                =1    87     ICON0Address    EQU     0FF38H           ;address of ICON0 register
                      =1    88     ;ICON1Address                            ;address of ICON1 register
                      =1    89     
                      =1    90     ; Register Values
  0001                =1    91     INTCtrlrCVal    EQU     00001H          ;set priority for timers to 1 and enable
                      =1    92                                             ;000000000000----  reserved
                      =1    93                                             ;------------0---  enable timer interrupt
                      =1    94                                             ;-------------001  timer priority
                      =1    95     
  0013                =1    96     ICON0ON        EQU      0013H           ;0000000000010011b
                      =1    97                                             ;000000000-------b  ;reserved
                      =1    98                                             ;---------0------b  ;no nesting
                      =1    99                                             ;----------0-----b  ;no cascade mode
                      =1   100                                             ;-----------1----b  ;level triggered
                      =1   101                                             ;------------0---b  ;enable interrupts
                      =1   102                                             ;--------------11b  ;set priority to 3
                      =1   103     
  001B                =1   104     ICON0OFF        EQU      001BH          ;0000000000011011b
                      =1   105                                             ;000000000-------b  ;reserved
8086/87/88/186 MACRO ASSEMBLER    AUDIO                                                    18:18:53  05/30/;6  PAGE    3


LOC  OBJ                  LINE     SOURCE

                      =1   106                                             ;---------0------b  ;no nesting
                      =1   107                                             ;----------0-----b  ;no cascade mode
                      =1   108                                             ;-----------1----b  ;level triggered
                      =1   109                                             ;------------1---b  ;disable interrupts
                      =1   110                                             ;--------------11b  ;set priority to 3
                      =1   111     
                      =1   112     ; End of Interrupt values
  8000                =1   113     NonSpecEOI      EQU     08000H          ;Non-specific EOI command
  0008                =1   114     TimerEOI        EQU     00008H          ;Timer EOI command (same for all timers)
  000C                =1   115     INT0EOI         EQU     0000CH          ;INT0 EOI
                      =1   116     ;INT1EOI
                      =1   117     
                      =1   118     ; Interrupt Vector
  0008                =1   119     Tmr0Vec         EQU     8               ;interrupt vector for Timer 0
  0012                =1   120     Tmr1Vec         EQU     18              ;interrupt vector for Timer 1
  000C                =1   121     INT0Vec         EQU     12              ;interrupt vector for INT0
                      =1   122     ;INT1VEc
                           123 +1  $INCLUDE(GENERAL.INC)
                      =1   124     ;;;;;;;;;;;;;;;;;;;;;;;;;;;;;;;;;;;;;;;;;;;;;;;;;;;;;;;;;;;;;;;;;;;;;;;;;;;;;;
                      =1   125     ;                                                                            ;
                      =1   126     ;                                  General.INC                               ;
                      =1   127     ;                               General include file                         ;
                      =1   128     ;                                   EE/CS 51                                 ;
                      =1   129     ;                                                                            ;
                      =1   130     ;;;;;;;;;;;;;;;;;;;;;;;;;;;;;;;;;;;;;;;;;;;;;;;;;;;;;;;;;;;;;;;;;;;;;;;;;;;;;;
                      =1   131     
                      =1   132     ; This file contains general definitions and constants.
                      =1   133     ;
                      =1   134     ; Revision History:
                      =1   135     ;    11/3/15     Timothy Liu     initial revision
                      =1   136     ;    11/5/15     Timothy Liu     fixed formatting
                      =1   137     ;    11/5/15     Timothy Liu     update for HW6 - added timer1vec
                      =1   138     ;    11/17/15    Timothy Liu     update for HW7 - added Serial_Vector and INT2EOI
                      =1   139     ;    11/19/15    Timothy Liu     removed interrupt related definitions
                      =1   140     ;    12/5/15     Timothy Liu     added ASCII definitions
                      =1   141     
                      =1   142     
                      =1   143     
  0004                =1   144     BitsPerNibble        EQU        4         ;number of bits in a nibble
                      =1   145     
  0002                =1   146     OffSize              EQU        2         ;offset size in bytes
                      =1   147     
                      =1   148     ;Ascii definitions
  000D                =1   149     ASCII_CR             EQU       13         ;ASCII carriage return
  0044                =1   150     ASCII_D              EQU       68         ;ASCII code for D
  0045                =1   151     ASCII_E              EQU       69         ;ASCII E
  0046                =1   152     ASCII_F              EQU       70         ;F character for fire (laser on)
  0049                =1   153     ASCII_I              EQU       73         ;I character
  004C                =1   154     ASCII_L              EQU       76         ;L character
  004F                =1   155     ASCII_O              EQU       79         ;O character for off (laser off)
  0050                =1   156     ASCII_P              EQU       80         ;P character
  0052                =1   157     ASCII_R              EQU       82         ;R character
  0053                =1   158     ASCII_S              EQU       83         ;S character
  0054                =1   159     ASCII_T              EQU       84         ;T character
  0000                =1   160     ASCII_NULL           EQU        0         ;ASCII null character
8086/87/88/186 MACRO ASSEMBLER    AUDIO                                                    18:18:53  05/30/;6  PAGE    4


LOC  OBJ                  LINE     SOURCE

  0020                =1   161     ASCII_SPACE          EQU       32         ;ASCII space
  003A                =1   162     ASCII_COLON          EQU       58         ;ASCII colon
  003E                =1   163     ASCII_RArrow         EQU       62         ;ASCII > symbol
                      =1   164     
  0001                =1   165     TRUE                 EQU        1         ;true
  0000                =1   166     FALSE                EQU        0         ;false
                      =1   167     
  0002                =1   168     WORD_SIZE            EQU        2         ;2 bytes per word
  0002                =1   169     FAR_SIZE             EQU        2         ;2 words per far address
  1000                =1   170     Segment_Overlap      EQU    1000H         ;number of unique ways to map physical
                      =1   171                                               ;address
                           172     
                           173     CGROUP    GROUP    CODE
                           174     DGROUP    GROUP    DATA
                           175     
                           176     
                           177     
----                       178     CODE SEGMENT PUBLIC 'CODE'
                           179     
                           180             ASSUME  CS:CGROUP, DS:DGROUP 
                           181     
                           182     ;external function declarations
                           183     
                           184     ;Name:               AudioIRQOn
                           185     ;
                           186     ;Description:        This function enables data request interrupts from the
                           187     ;                    MP3 decoder. The function writes ICON0ON to ICON0Address.
                           188     ;                    The function also sends an EOI to clear out the interrupt
                           189     ;                    handler.
                           190     ; 
                           191     ;Operation:          The function copies ICON0ON to AX and copies ICON0Address
                           192     ;                    to DX. The function then outputs the address to the
                           193     ;                    peripheral control block. The function then outputs
                           194     ;                    INT0EOI to INTCtrlrEOI to clear the interrupt controller.
                           195     ;
                           196     ;Arguments:          None
                           197     ;
                           198     ;Return Values:      None
                           199     ;
                           200     ;Local Variables:    None
                           201     ;
                           202     ;Shared Variables:   None
                           203     ;
                           204     ;Output:             None
                           205     ;
                           206     ;Error Handling:     None
                           207     ;
                           208     ;Algorithms:         None
                           209     ;
                           210     ;Registers Used:     None
                           211     ;
                           212     ;Known Bugs:         None
                           213     ;
                           214     ;Limitations:        None
                           215     ;
8086/87/88/186 MACRO ASSEMBLER    AUDIO                                                    18:18:53  05/30/;6  PAGE    5


LOC  OBJ                  LINE     SOURCE

                           216     ;Author:             Timothy Liu
                           217     ;
                           218     ;Last Modified       5/21/16
                           219     
0000                       220     AudioIRQOn            PROC    NEAR
                           221                           PUBLIC  AudioIRQOn
                           222     
0000                       223     AudioIRQOnStart:                          ;save registers
0000 50                    224         PUSH    AX
0001 52                    225         PUSH    DX
                           226     
0002                       227     AudioIRQOnOutput:                         ;turn on INT0 data request interrupts
                           228                                               ;and send an EOI
0002 BA38FF                229         MOV     DX, ICON0Address              ;address of INT0 interrupt controller
0005 B81300                230         MOV     AX, ICON0On                   ;value to start int 0 interrupts
0008 EF                    231         OUT     DX, AX
                           232     
0009 BA22FF                233         MOV     DX, INTCtrlrEOI               ;address of interrupt EOI register
000C B80C00                234         MOV     AX, INT0EOI                   ;INT0 end of interrupt
000F EF                    235         OUT     DX, AX                        ;output to peripheral control block
                           236     
0010                       237     AudioIRQOnDone:                           ;restore registers and return
0010 5A                    238         POP     DX
0011 58                    239         POP     AX
0012 C3                    240         RET
                           241     
                           242     
                           243     
                           244     AudioIRQOn        ENDP
                           245     
                           246     
                           247     
                           248     ;Name:               AudioEH
                           249     ;
                           250     ;Description:        This function handles audio data request interrupts.
                           251     ;                    The function is called whenever the VS1011 MP3
                           252     ;                    decoder needs more data.
                           253     ; 
                           254     ;Operation:          The function first saves the registers that will be
                           255     ;                    modified by AudioOutput. The function calls AudioOutput,
                           256     ;                    which checks if the data buffers have data and serially
                           257     ;                    outputs data to the MP3 decoder. The function then restores
                           258     ;                    the registers and IRET.
                           259     ;
                           260     ;Arguments:          None
                           261     ;
                           262     ;Return Values:      None
                           263     ;
                           264     ;Local Variables:    None
                           265     ;
                           266     ;Shared Variables:   None
                           267     ;
                           268     ;Output:             None
                           269     ;
                           270     ;Error Handling:     None
8086/87/88/186 MACRO ASSEMBLER    AUDIO                                                    18:18:53  05/30/;6  PAGE    6


LOC  OBJ                  LINE     SOURCE

                           271     ;
                           272     ;Algorithms:         None
                           273     ;
                           274     ;Registers Used:     None
                           275     ;
                           276     ;Known Bugs:         None
                           277     ;
                           278     ;Limitations:        None
                           279     ;
                           280     ;Author:             Timothy Liu
                           281     ;
                           282     ;Last Modified       5/30/16
                           283     
0013                       284     AudioEH        PROC    NEAR
                           285                    PUBLIC  AudioEH
                           286     
0013                       287     AudioEHStart:                            ;save the registers
0013 50                    288         PUSH    AX
0014 51                    289         PUSH    CX
0015 52                    290         PUSH    DX
0016 E80B00                291         CALL    AudioOutput                  ;call function to output audio data
                           292     
0019                       293     AudioEHSendEOI:
0019 BA22FF                294         MOV     DX, INTCtrlrEOI               ;address of interrupt EOI register
001C B80C00                295         MOV     AX, INT0EOI                   ;INT0 end of interrupt
001F EF                    296         OUT     DX, AX                        ;output to peripheral control block
                           297     
0020                       298     AudioEHDone:                              ;restore registers and return
0020 5A                    299         POP     DX
0021 59                    300         POP     CX
0022 58                    301         POP     AX
                           302         
0023 CF                    303         IRET                                 ;IRET from interrupt handlers
                           304     
                           305     AudioEH        ENDP
                           306     
                           307     
                           308     ;Name:               AudioOutput
                           309     ;
                           310     ;Description:        This function sends data serially to the MP3 decoder.
                           311     ;                    The function copies bytes from CurrentBuffer and performs
                           312     ;                    bit banging to output the bytes. The function transfer
                           313     ;                    Bytes_Per_Transfer each time the function is called. If
                           314     ;                    CurBuffLeft is equal to zero, then the function swaps
                           315     ;                    the NextBuffer into CurrentBuffer and continues playing
                           316     ;                    from CurrentBuffer. The function also sets the NeedData
                           317     ;                    flag to indicate that more data is need so that
                           318     ;                    NextBuffer is filled. The function is called whenever
                           319     ;                    the MP3 decoder sends a data request interrupt.
                           320     ;                    If both the current buffer and next buffer are empty, the
                           321     ;                    function calls Audio_Halt to shut off data request interrupts.
                           322     ;                    Interrupts are not restored until more data is provided.
                           323     ; 
                           324     ;Operation:          The function first checks if CurBuffLeft is equal to
                           325     ;                    to zero, indicating the current buffer is empty.
8086/87/88/186 MACRO ASSEMBLER    AUDIO                                                    18:18:53  05/30/;6  PAGE    7


LOC  OBJ                  LINE     SOURCE

                           326     ;                    If the current data buffer is empty, the function
                           327     ;                    makes the next buffer the current buffer and sets
                           328     ;                    NeedData to indicate that a new buffer is needed. If
                           329     ;                    the next buffer is also empty, then the function 
                           330     ;                    calls Audio_Halt to turns off ICON0 interrupts and returns.
                           331     ;                    If there is
                           332     ;                    data in the current buffer, then the function outputs
                           333     ;                    BytesPerTransfer bytes starting at CurrentBuffer.
                           334     ;                    The address pointed to by CurrentBuffer is copied to ES:SI.
                           335     ;                    AudioOutput copies the byte ES:SI points to
                           336     ;                    and outputs the bits serially. The first bit (MSB) 
                           337     ;                    is output to PCS3. After the first bit is output, the
                           338     ;                    other bits are shifted to DB0 and output to PCS2
                           339     ;                    until the byte is fully output. The function increments
                           340     ;                    SI after each byte transfer and outputs BytesPerTransfer
                           341     ;                    bytes. After the bytes are output, the function
                           342     ;                    decrements CurBuffLeft by BytesPerTransfer. The function
                           343     ;                    copies SI to CurrentBuffer[0] to update the offset of
                           344     ;                    the buffer. The function copies ES to CurrentBuffer[1] to
                           345     ;                    update the segment. CurrentBuffer points to the next byte
                           346     ;                    to output The size of the passed buffers MUST be
                           347     ;                    a multiple of BytesPerTransfer. 
                           348     ;                    
                           349     ;
                           350     ;Arguments:          None
                           351     ;
                           352     ;Return Values:      None
                           353     ;
                           354     ;Local Variables:    CX - Bytes left to transfer
                           355     ;                    SI - offset of current buffer pointer
                           356     ;                    ES - segment of current buffer pointer
                           357     ;
                           358     ;Shared Variables:   CurrentBuffer(R/W) - 32 bit address of current data buffer
                           359     ;                                         being played from
                           360     ;                    CurBuffLeft(R/W)   - bytes left in the data buffer
                           361     ;                    NextBuffer(R)      - 32 bit address of next data buffer
                           362     ;                    NextBuffLeft(R)    - bytes left in next data buffer
                           363     ;                    NeedData(R/W)      - indicates more data is needed 
                           364     ;
                           365     ;Output:             MP3 audio output data output to MP3 decoder through
                           366     ;                    DB0
                           367     ;
                           368     ;Error Handling:     None
                           369     ;
                           370     ;Algorithms:         None
                           371     ;
                           372     ;Registers Used:     AX, CX - these registers are preserved by event handler
                           373     ;                    Flag register
                           374     ;
                           375     ;Known Bugs:         None
                           376     ;
                           377     ;Limitations:        Size of audio data buffers is assumed to be a multiple
                           378     ;                    of BYTES_PER_TRANSFER
                           379     ;                    Data buffers are assumed to be entirely in a single segment
                           380     ;
8086/87/88/186 MACRO ASSEMBLER    AUDIO                                                    18:18:53  05/30/;6  PAGE    8


LOC  OBJ                  LINE     SOURCE

                           381     ;Author:             Timothy Liu
                           382     ;
                           383     ;Last Modified       5/30/16
                           384     
                           385     
                           386     ;Outline
                           387     ;AudioOutput()
                           388     ;    IF    CurBuffLeft = 0:          ;Current buffer going to run out
                           389     ;        IF NeedData == True:        ;both buffers are empty - panic!
                           390     ;            ICON0 = ICON0Off        ;shut off the interrupt handler
                           391     ;            CALL AudioHalt          ;these two are the same things
                           392     ;        CurrentBuffer = NextBuffer  ;make the next buffer the current buffer
                           393     ;        CurBufferLeft = NextBuffLeft
                           394     ;        NeedData = TRUE             ;indicate more data is needed
                           395     ;    ELSE:                           ;there is enough data
                           396     ;        For i in BytesPerTransfer   ;loop outputting 32 bytes
                           397     ;            AL = [CurrentBuffer]    ;load byte to output
                           398     ;            SHL                         ;put most significant byte in DB0
                           399     ;            OUT AL, PCS3                ;first bit goes to PCS3
                           400     ;            For j in LowBits            ;loop outputting other 7 bits
                           401     ;                                        ;loop will be unrolled for speed
                           402     ;                SHL                     ;shift to next bit
                           403     ;                OUT AL, PCS2            ;output the next bit
                           404     ;            [CurrentBuffer] += 1           ;increment to next byte
                           405     ;        CurBufferLeft -= BytesPerTransfer ;32 fewer bytes in buffer
                           406             
                           407     
                           408     
0024                       409     AudioOutput        PROC    NEAR
                           410                        PUBLIC  AudioOutput
                           411     
0024                       412     AudioOutputStart:                            ;starting label - save registers
0024 56                    413         PUSH    SI
0025 06                    414         PUSH    ES
                           415     
0026                       416     AudioOutputCheckCur:                         ;check if current buffer is empty
0026 833E080000     R      417         CMP    CurBuffLeft, 0                    ;no bytes left in buffer
002B 7403                  418         JE     AudioOutputCheckNext              ;check if next buffer is empty
002D EB2990                419         JMP    AudioOutputByteLoopPrep           ;Current buffer not empty - 
                           420                                                  ;output data
                           421     
0030                       422     AudioOutputCheckNext:
0030 803E0C0001     R      423         CMP    NeedData, TRUE                    ;see if next buffer is empty
0035 741B                  424         JE     AudioOutputEmpty                  ;both buffers are empty
                           425         ;JMP    AudioOutputSwap                  ;make NextBuffer -> CurrentBuffer
                           426     
0037                       427     AudioOutputSwap:                             ;read from NextBuffer
0037 A10400         R      428        MOV    AX, NextBuffer[0]                  ;copy segment of NextBuffer
003A A30000         R      429        MOV    CurrentBuffer[0], AX               ;make NextBuffer CurrentBuffer
                           430     
003D A10600         R      431        MOV    AX, NextBuffer[2]                  ;copy offset of NextBuffer
0040 A30200         R      432        MOV    CurrentBuffer[2], AX
                           433     
0043 A10A00         R      434        MOV    AX, NextBuffLeft                   ;copy bytes left of NextBuffer
0046 A30800         R      435        MOV    CurBuffLeft, AX                    ;to CurBuffLeft
8086/87/88/186 MACRO ASSEMBLER    AUDIO                                                    18:18:53  05/30/;6  PAGE    9


LOC  OBJ                  LINE     SOURCE

                           436     
0049 C6060C000190   R      437        MOV    NeedData, TRUE                     ;indicate more data is needed
004F EB0790                438        JMP    AudioOutputByteLoopPrep            ;prepare to output data
                           439     
0052                       440     AudioOutputEmpty:                            ;both audio buffers are empty
0052 E87900                441        CALL   Audio_Halt                         ;switch off audio interrupts
0055 EB4290                442        JMP    AudioOutputDone                    ;canb^^t output any data
                           443     
0058                       444     AudioOutputByteLoopPrep:                     ;prepare to output buffer data
0058 B92000                445         MOV   CX, Bytes_Per_Transfer             ;number bytes left to transfer
                           446                                                  ;for this interrupt
005B A10200         R      447         MOV   AX, CurrentBuffer[2]               ;copy buffer segment to ES
005E 8EC0                  448         MOV   ES, AX
                           449     
0060 8B360000       R      450         MOV   SI, CurrentBuffer[0]               ;copy buffer offset to SI
                           451         ;JMP  AudioOutputLoop                    ;go to loop
                           452     
0064                       453     AudioOutputLoop:
0064 83F900                454         CMP   CX, 0                              ;check if no bytes left
0067 7430                  455         JE    AudioOutputDone                    ;no bytes left - function done
0069 268A04                456         MOV   AL, ES:[SI]                        ;copy byte to be transferred
                           457     
006C                       458     AudioOutputSerial:                           ;serially send data to MP3 - MSB
                           459                                                  ;first
006C BA8001                460         MOV   DX, PCS3Address                    ;address to output DB7 to
006F D0C0                  461         ROL   AL, 1                              ;output MSB on DB0
0071 EE                    462         OUT   DX, AL                             ;first bit goes to PCS3 to trigger
                           463                                                  ;BSYNC
                           464     
0072 BA0001                465         MOV   DX, PCS2Address                    ;address to output bits 0-6
0075 D0C0                  466         ROL   AL, 1                              ;shift so DB6 is LSB
0077 EE                    467         OUT   DX, AL                             ;output other bits to PCS2
                           468         
0078 D0C0                  469         ROL   AL, 1                              ;shift so DB5 is LSB
007A EE                    470         OUT   DX, AL                             ;output other bits to PCS2
                           471         
007B D0C0                  472         ROL   AL, 1                              ;shift so DB4 is LSB
007D EE                    473         OUT   DX, AL                             ;output other bits to PCS2
                           474         
007E D0C0                  475         ROL   AL, 1                              ;shift so DB3 is LSB
0080 EE                    476         OUT   DX, AL                             ;output other bits to PCS2
                           477         
0081 D0C0                  478         ROL   AL, 1                              ;shift so DB2 is LSB
0083 EE                    479         OUT   DX, AL                             ;output other bits to PCS2
                           480         
0084 D0C0                  481         ROL   AL, 1                              ;shift so DB1 is LSB
0086 EE                    482         OUT   DX, AL                             ;output other bits to PCS2
                           483         
0087 D0C0                  484         ROL   AL, 1                              ;shift so DB0 is LSB
0089 EE                    485         OUT   DX, AL                             ;output other bits to PCS2
                           486     
008A                       487     AudioOutputUpdateByte:
008A 49                    488         DEC   CX                                 ;one fewer byte left to transfer
008B 83C601                489         ADD   SI, 1                              ;update pointer to next byte
008E 73D4                  490         JNC   AudioOutputLoop                    ;SI didnb^^t overflow - same segment
8086/87/88/186 MACRO ASSEMBLER    AUDIO                                                    18:18:53  05/30/;6  PAGE   10


LOC  OBJ                  LINE     SOURCE

                           491                                                  ;go back to loop
                           492         ;JMP  AudioOutputUpdateSegment           ;SI overflowed - update the segment
                           493     
0090                       494     AudioOutputUpdateSegment:
0090 8CC0                  495         MOV   AX, ES                             ;use accumulator to perform addition
0092 050010                496         ADD   AX, Segment_Overlap                ;change segment so ES:SI points to
                           497                                                  ;next physical address
0095 8EC0                  498         MOV   ES, AX                             ;write new segment back to ES
0097 EBCB                  499         JMP   AudioOutputLoop                    ;go back to loop
                           500     
0099                       501     AudioOutputDone:                             ;stub function for now 
0099 89360000       R      502         MOV    CurrentBuffer[0], SI              ;store the buffer location to 
                           503                                                  ;start reading from
009D 8CC0                  504         MOV    AX, ES                            ;store the updated buffer segment
009F A30200         R      505         MOV    CurrentBuffer[2], AX
00A2 832E080020     R      506         SUB    CurBuffLeft, Bytes_Per_Transfer   ;update number of bytes left in
                           507                                                  ;the buffer
00A7 07                    508         POP    ES
00A8 5E                    509         POP    SI
00A9 C3                    510         RET
                           511     
                           512     AudioOutput    ENDP
                           513     
                           514     
                           515     ;Name:               Audio_Play(unsigned short int far *, int)
                           516     ;
                           517     ;Description:        This function is called when the audio output is 
                           518     ;                    started. This function is passed the address of the
                           519     ;                    data buffer. The address is stored in CurrentBuffer.
                           520     ;                    The function multiplies the second argument, the length
                           521     ;                    of the buffer in words, by WORD_SIZE and moves the 
                           522     ;                    product to the shared variable
                           523     ;                    CurBuffLeft. The function then calls AudioIRQON enable
                           524     ;                    data request interrupts. Finally, the function indicates
                           525     ;                    that the next buffer is empty and more data is needed.
                           526     ; 
                           527     ;Operation:          The function first copies the stack pointer to BP and 
                           528     ;                    indexes into the stack. The function copies the 32 bit 
                           529     ;                    address passed as the first argument to CurrentBuffer.
                           530     ;                    The function indexes into the stack to copy the second
                           531     ;                    argument into CurBuffLeft, which is the number of words
                           532     ;                    left in the buffer to play. The function then calls
                           533     ;                    AudioIRQON to enable data request
                           534     ;                    interrupts. The function writes TRUE to NeedData to indicate
                           535     ;                    that the next buffer is empty.
                           536     ;
                           537     ;Arguments:          unsigned short int far * - address of data buffer
                           538     ;                    int - length of buffer in words
                           539     ;
                           540     ;Return Values:      None
                           541     ;
                           542     ;Local Variables:    None
                           543     ;
                           544     ;Shared Variables:   CurrentBuffer(W) - 16 bit address of current data buffer
                           545     ;                                       being played from
8086/87/88/186 MACRO ASSEMBLER    AUDIO                                                    18:18:53  05/30/;6  PAGE   11


LOC  OBJ                  LINE     SOURCE

                           546     ;                    CurBuffLeft(W) -   number of words left in the data buffer
                           547     ;
                           548     ;Output:             None
                           549     ;
                           550     ;Error Handling:     None
                           551     ;
                           552     ;Algorithms:         None
                           553     ;
                           554     ;Registers Used:     None
                           555     ;
                           556     ;Known Bugs:         None
                           557     ;
                           558     ;Limitations:        None
                           559     ;
                           560     ;Author:             Timothy Liu
                           561     ;
                           562     ;Last Modified       5/30/16
                           563     
00AA                       564     Audio_Play        PROC    NEAR
                           565                       PUBLIC  Audio_Play
                           566     
00AA                       567     AudioPlayStart:                          ;set up BP to index into stack
00AA 55                    568         PUSH    BP                           ;save base pointer
00AB 8BEC                  569         MOV     BP, SP                       ;base pointer used to index into stack
00AD 50                    570         PUSH    AX                           ;save register
                           571     
00AE                       572     AudioPlayArgs:                           ;pull the arguments from the stack
00AE 8B4604                573         MOV     AX, SS:[BP+4]                ;buffer offset
00B1 A30000         R      574         MOV     CurrentBuffer[0], AX         ;write offset to CurrentBuffer
                           575     
00B4 8B4606                576         MOV     AX, SS:[BP+6]                ;buffer segment
00B7 A30200         R      577         MOV     CurrentBuffer[2], AX         ;write buffer segment to CurrentBuffer
                           578     
00BA 8B4608                579         MOV     AX, SS:[BP+8]                ;length of the buffer in words
00BD D1E0                  580         SHL     AX, 1                        ;double to convert to number of bytes
00BF A30800         R      581         MOV     CurBuffLeft, AX              ;load number of bytes left
                           582     
00C2                       583     AudioPlayNeedData:                       ;indicate that the next buffer is empty
00C2 C6060C000190   R      584         MOV     NeedData, TRUE               ;next buffer is empty
                           585     
00C8                       586     AudioPlayIRQON:
00C8 E835FF                587         CALL    AudioIRQOn                   ;turn audio data request interrupts on
                           588     
00CB                       589     AudioPlayDone:                           ;restores registers
00CB 58                    590         POP     AX
00CC 5D                    591         POP     BP
00CD C3                    592         RET
                           593         
                           594     
                           595     Audio_Play    ENDP
                           596     
                           597     
                           598     ;Name:               Audio_Halt
                           599     ;
                           600     ;Description:        This function terminates the output of audio data. The 
8086/87/88/186 MACRO ASSEMBLER    AUDIO                                                    18:18:53  05/30/;6  PAGE   12


LOC  OBJ                  LINE     SOURCE

                           601     ;                    function does not return any value.
                           602     ; 
                           603     ;Operation:          The function writes the value ICON0OFF to ICON0ADDRESS.
                           604     ;                    This disables interrupts from INT0 and disables MP3
                           605     ;                    audio data request interrupts. The function then returns.
                           606     ;
                           607     ;Arguments:          None
                           608     ;
                           609     ;Return Values:      None
                           610     ;
                           611     ;Local Variables:    None
                           612     ;
                           613     ;Shared Variables:   None
                           614     ;
                           615     ;Output:             None
                           616     ;
                           617     ;Error Handling:     None
                           618     ;
                           619     ;Algorithms:         None
                           620     ;
                           621     ;Registers Used:     None
                           622     ;
                           623     ;Known Bugs:         None
                           624     ;
                           625     ;Limitations:        None
                           626     ;
                           627     ;Author:             Timothy Liu
                           628     ;
                           629     ;Last Modified       5/21/16
                           630     
00CE                       631     Audio_Halt        PROC    NEAR
                           632                       PUBLIC  Audio_Halt
                           633     
00CE                       634     AudioHaltStart:                        ;starting label - save registers
00CE 50                    635         PUSH    AX
00CF 52                    636         PUSH    DX
                           637     
00D0                       638     AudioHaltWrite:                        ;turn off data request interrupts
00D0 BA38FF                639         MOV    DX, ICON0Address            ;address of INT0 control register
00D3 B81B00                640         MOV    AX, ICON0OFF                ;value to turn off data request IRQ
00D6 EF                    641         OUT    DX, AX                      ;shut off interrupts
                           642     
00D7                       643     AudioHaltDone:                         ;done - restore labels and return
00D7 5A                    644         POP    DX
00D8 58                    645         POP    AX
00D9 C3                    646         RET
                           647     
                           648     
                           649     Audio_Halt    ENDP
                           650     
                           651     ;Name:               Update
                           652     ;
                           653     ;Description:        This function stores the address of a fresh audio buffer
                           654     ;                    if the secondary audio buffer is empty. The function
                           655     ;                    returns TRUE if the passed buffer was stored and a new
8086/87/88/186 MACRO ASSEMBLER    AUDIO                                                    18:18:53  05/30/;6  PAGE   13


LOC  OBJ                  LINE     SOURCE

                           656     ;                    buffer with more audio data is needed. The function
                           657     ;                    returns FALSE if more audio data is not needed. The
                           658     ;                    function is passed the address of the new buffer, and the
                           659     ;                    length of the new buffer. If the new audio buffer is
                           660     ;                    stored, then the length of the new audio buffer is 
                           661     ;                    stored in NextBufferLeft.
                           662     ; 
                           663     ;Operation:          The function copies SP to BP and uses the base pointer
                           664     ;                    to index into the stack. The checks the flag NeedData
                           665     ;                    to see if more data is needed. If more data is needed,
                           666     ;                    then the function copies the first argument - the address
                           667     ;                    of the data buffer - into NextBuffer. Next, 
                           668     ;                    the function multiplies the second argument (the 
                           669     ;                    address of the new buffer) by WORD_SIZE and moves the
                           670     ;                    product into NextBufferLeft, which is the number of 
                           671     ;                    bytes remaining in NextBuffer. The function then resets
                           672     ;                    the NeedData flag to FALSE, indicating that
                           673     ;                    there is data in NextBuffer. If the passed pointer is
                           674     ;                    used, then the function returns TRUE. If more data is
                           675     ;                    not needed (NeedData was False) , then the function             
                                        
                           676     ;                    does nothing but return FALSE. The function calls
                           677     ;                    AudioIRQOn to turn on INT0 data request interrupts if the
                           678     ;                    new buffer was used.
                           679     ;
                           680     ;Arguments:          unsigned short int far* - address of new audio buffer
                           681     ;                    int - length of the new buffer in words
                           682     ;
                           683     ;Return Values:      TRUE if more data was needed; FALSE otherwise
                           684     ;
                           685     ;Local Variables:    None
                           686     ;
                           687     ;Shared Variables:   NextBuffer(W) - pointer to second data buffer
                           688     ;                    NextBufferLen(W) - length of the passed data buffer
                           689     ;                    NeedData(R/W) - indicates if more data is needed
                           690     ;
                           691     ;Output:             None
                           692     ;
                           693     ;Error Handling:     None
                           694     ;
                           695     ;Algorithms:         None
                           696     ;
                           697     ;Registers Used:     AX
                           698     ;
                           699     ;Known Bugs:         None
                           700     ;
                           701     ;Limitations:        None
                           702     ;
                           703     ;Author:             Timothy Liu
                           704     ;
                           705     ;Last Modified       5/30/16
                           706     
00DA                       707     Update            PROC    NEAR
                           708                       PUBLIC  Update
                           709     
8086/87/88/186 MACRO ASSEMBLER    AUDIO                                                    18:18:53  05/30/;6  PAGE   14


LOC  OBJ                  LINE     SOURCE

00DA                       710     UpdateStart:                            ;prepare BP to index into stack
00DA 55                    711         PUSH    BP                          ;preserve BP
00DB 8BEC                  712         MOV     BP, SP                      ;use BP as stack index
                           713     
00DD                       714     UpdateCheckNeed:                        ;see if more data is needed
00DD 803E0C0000     R      715         CMP    NeedData, FALSE              ;
00E2 7423                  716         JE     UpdateNoNeed                 ;next buffer filled - no data needed
                           717         ;JMP   UpdateNextEmpty              ;more data is needed
                           718     
00E4                       719     UpdateNextEmpty:                        ;next buffer is empty
00E4 8B4604                720         MOV    AX, SS:[BP+4]                ;offset of the new buffer
00E7 A30400         R      721         MOV    NextBuffer[0], AX            ;load offset of the new buffer
                           722     
00EA 8B4606                723         MOV    AX, SS:[BP+6]                ;segment of the new buffer
00ED A30600         R      724         MOV    NextBuffer[2], AX            ;load the offset of the new buffer
                           725     
00F0 8B4608                726         MOV    AX, SS:[BP+8]                ;length of the new buffer in words
00F3 D1E0                  727         SHL    AX, 1                        ;double to get length of buffer in bytes
00F5 A30A00         R      728         MOV    NextBuffLeft, AX             ;store the length in bytes
                           729     
00F8 E805FF                730         CALL   AudioIRQOn                   ;turn on data request interrupts
00FB B80100                731         MOV    AX, TRUE                     ;passed buffer was used
00FE C6060C000090   R      732         MOV    NeedData, False              ;NextBuffer is filled - no need for data
0104 EB0490                733         JMP    UpdateDone
                           734     
0107                       735     UpdateNoNeed:
0107 B80000                736         MOV    AX, FALSE                    ;not ready for more data
                           737     
010A                       738     UpdateDone:
010A 5D                    739         POP    BP
010B C3                    740         RET
                           741     
                           742     
                           743     Update        ENDP
                           744     
----                       745     CODE ENDS
                           746     
                           747     ;start data segment
                           748     
                           749     
----                       750     DATA    SEGMENT    PUBLIC  'DATA'
                           751     
0000 (2                    752     CurrentBuffer    DW FAR_SIZE DUP (?)     ;32 bit address of current audio buffer
     ????
     )
0004 (2                    753     NextBuffer       DW FAR_SIZE DUP (?)     ;32 bit address of next audio buffer
     ????
     )
0008 ????                  754     CurBuffLeft      DW               ?      ;bytes left in current buffer
000A ????                  755     NextBuffLeft     DW               ?      ;bytes left in next buffer
                           756     
000C ??                    757     NeedData         DB               ?      ;flag set when NextBuffer is empty
                           758                                              ;and more data is needed
                           759     
----                       760     DATA ENDS
8086/87/88/186 MACRO ASSEMBLER    AUDIO                                                    18:18:53  05/30/;6  PAGE   15


LOC  OBJ                  LINE     SOURCE

                           761     
                           762             END

ASSEMBLY COMPLETE, NO ERRORS FOUND
