iC-86  COMPILER   MAINLOOP                                                                   05/06/;6 18:25:47  PAGE   1


DOS 5.0 (038-N) iC-86 COMPILER V4.0, COMPILATION OF MODULE MAINLOOP
OBJECT MODULE PLACED IN MAINLOOP.OBJ
COMPILER INVOKED BY: C:\5XTOOLS\IC86.EXE MAINLOOP.C DEBUG MOD186 EXTEND CODE SMALL ROM NOALIGN

 line level  incl 

    1             /****************************************************************************/
    2             /*                                                                          */
    3             /*                                 MAINLOOP                                 */
    4             /*                             Main Program Loop                            */
    5             /*                            MP3 Jukebox Project                           */
    6             /*                                 EE/CS 52                                 */
    7             /*                                                                          */
    8             /****************************************************************************/
    9             
   10             /*
   11                This file contains the main processing loop (background) for the MP3
   12                Jukebox Project.  The only global function included is:
   13                   main - background processing loop
   14             
   15                The local functions included are:
   16                   key_lookup - get a key and look up its keycode
   17             
   18                The locally global variable definitions included are:
   19                   none
   20             
   21             
   22                Revision History
   23                   6/5/00   Glen George       Initial revision (from 3/6/99 version of
   24                                              mainloop.c for the Digital Audio Recorder
   25                                              Project).
   26                   6/2/02   Glen George       Updated comments.
   27                   5/15/03  Glen George       Moved static declarations to first keyword
   28                                              since the lame NIOS compiler requires it.
   29                   5/15/03  Glen George       Changed type on some variables to size_t
   30                                              for better portability and more accurate
   31                              typing.
   32                   5/15/03  Glen George       Added #include of stddef.h to get some
   33                                              standard definitions.
   34                   6/5/03   Glen George       Removed references to track number, it is no
   35                                          longer used.
   36                   6/5/03   Glen George       Added initialization to FAT directory system.
   37                   6/5/03   Glen George       Updated function headers.
   38             */
   39             
   40             
   41             
   42             /* library include files */
   43             #include  <stddef.h>
   44             
   45             /* local include files */
   46             #include  "interfac.h"
   47             #include  "mp3defs.h"
   48             #include  "keyproc.h"
   49             #include  "updatfnc.h"
   50             #include  "trakutil.h"
   51             #include  "fatutil.h"
iC-86  COMPILER   MAINLOOP                                                                   05/06/;6 18:25:47  PAGE   2


   52             
   53             
   54             
   55             
   56             /* local function declarations */
   57             enum keycode  key_lookup(void);      /* translate key values into keycodes */
   58             
   59             
   60             
   61             
   62             /*
   63                main
   64             
   65                Description:      This procedure is the main program loop for the MP3
   66                                  Jukebox.  It loops getting keys from the keypad,
   67                                  processing those keys as is appropriate.  It also handles
   68                                  updating the display and setting up the buffers for MP3
   69                                  playback.
   70             
   71                Arguments:        None.
   72                Return Value:     (int) - return code, always 0 (never returns).
   73             
   74                Input:            Keys from the keypad.
   75                Output:           Status information to the display.
   76             
   77                Error Handling:   Invalid input is ignored.
   78             
   79                Algorithms:       The function is table-driven.  The processing routines
   80                                  for each input are given in tables which are selected
   81                                  based on the context (state) in which the program is
   82                                  operating.
   83                Data Structures:  None.
   84             
   85                Shared Variables: None.
   86             
   87                Author:           Glen George
   88                Last Modified:    June 5, 2003
   89             
   90             */
   91             
   92             int  main()
   93             {
   94     1           /* variables */
   95     1           enum keycode  key;                      /* an input key */
   96     1       
   97     1           enum status   cur_status = STAT_IDLE;   /* current program status */
   98     1           enum status   prev_status = STAT_IDLE;  /* previous program status */
   99     1       
  100     1           long int      root_dir_start;       /* start of the root directory */
  101     1       
  102     1           /* array of status type translations (from enum status to #defines) */
  103     1           /* note: the array must match the enum definition order exactly */
  104     1           static const unsigned int  xlat_stat[] =
  105     1               {  STATUS_IDLE,      /* system idle */
  106     1                  STATUS_PLAY,      /* playing (or repeat playing) a track */
  107     1                  STATUS_FASTFWD,   /* fast forwarding a track */
  108     1                  STATUS_REVERSE    /* reversing a track */
iC-86  COMPILER   MAINLOOP                                                                   05/06/;6 18:25:47  PAGE   3


  109     1               };
  110     1       
  111     1           /* update functions (one for each system status type) */
  112     1           static enum status  (* const update_fnc[NUM_STATUS])(enum status) =
  113     1               /*                        Current System Status                           */
  114     1               /*    idle        play      fast forward      reverse      */
  115     1               {  no_update, update_Play, update_FastFwd, update_Reverse  };
  116     1       
  117     1           /* key processing functions (one for each system status type and key) */
  118     1           static enum status  (* const process_key[NUM_KEYCODES][NUM_STATUS])(enum status) =
  119     1               /*                            Current System Status                                           
                -     */
  120     1               /* idle           play            fast forward   reverse                  key         */
  121     1             { {  do_TrackUp,    no_action,      no_action,     no_action     },   /* <Track Up>     */
  122     1               {  do_TrackDown,  no_action,      no_action,     no_action     },   /* <Track Down>   */
  123     1               {  start_Play,    no_action,      begin_Play,    begin_Play    },   /* <Play>         */
  124     1               {  start_RptPlay, cont_RptPlay,   begin_RptPlay, begin_RptPlay },   /* <Repeat Play>  */
  125     1               {  start_FastFwd, switch_FastFwd, stop_FFRev,    begin_FastFwd },   /* <Fast Forward> */
  126     1               {  start_Reverse, switch_Reverse, begin_Reverse, stop_FFRev    },   /* <Reverse>      */
  127     1               {  stop_idle,     stop_Play,      stop_FFRev,    stop_FFRev    },   /* <Stop>         */
  128     1               {  no_action,     no_action,      no_action,     no_action     } }; /* illegal key    */
  129     1       
  130     1       
  131     1       
  132     1           /* first initialize everything */
  133     1           /* initalize FAT directory functions */
  134     1           root_dir_start = init_FAT_system();
  135     1       
  136     1           /* get the first directory entry (file/song) */
  137     1           if (root_dir_start != 0)  {
  138     2           /* have a valid starting sector - get the first directory entry */
  139     2           get_first_dir_entry(root_dir_start);
  140     2           /* and setup the information for the track/file */
  141     2           setup_cur_track_info();
  142     2           }
  143     1           else  {
  144     2               /* had an error - fill with error track information */
  145     2           setup_error_track_info();
  146     2           }
  147     1       
  148     1       
  149     1           /* display track information */
  150     1           display_time(get_track_time());
  151     1           display_title(get_track_title());
  152     1           display_artist(get_track_artist());
  153     1       
  154     1           display_status(xlat_stat[cur_status]);  /* display status */
  155     1       
  156     1       
  157     1           /* infinite loop processing input */
  158     1           while(TRUE)  {
  159     2       
  160     2               /* handle updates */
  161     2               cur_status = update_fnc[cur_status](cur_status);
  162     2       
  163     2       
  164     2               /* now check for keypad input */
iC-86  COMPILER   MAINLOOP                                                                   05/06/;6 18:25:47  PAGE   4


  165     2               if (key_available())  {
  166     3       
  167     3                   /* have keypad input - get the key */
  168     3                   key = key_lookup();
  169     3       
  170     3                   /* execute processing routine for that key */
  171     3                   cur_status = process_key[key][cur_status](cur_status);
  172     3               }
  173     2       
  174     2       
  175     2               /* finally, if the status has changed - display the new status */
  176     2               if (cur_status != prev_status)  {
  177     3       
  178     3                   /* status has changed - update the status display */
  179     3                   display_status(xlat_stat[cur_status]);
  180     3               }
  181     2       
  182     2               /* always remember the current status for next loop iteration */
  183     2               prev_status = cur_status;
  184     2           }
  185     1       
  186     1       
  187     1           /* done with main (never should get here), return 0 */
  188     1           return  0;
  189     1       
  190     1       }
  191             
  192             
  193             
  194             
  195             /*
  196                key_lookup
  197             
  198                Description:      This function gets a key from the keypad and translates
  199                                  the raw keycode to an enumerated keycode for the main
  200                                  loop.
  201             
  202                Arguments:        None.
  203                Return Value:     (enum keycode) - type of the key input on keypad.
  204             
  205                Input:            Keys from the keypad.
  206                Output:           None.
  207             
  208                Error Handling:   Invalid keys are returned as KEYCODE_ILLEGAL.
  209             
  210                Algorithms:       The function uses an array to lookup the key types.
  211                Data Structures:  Array of key types versus key codes.
  212             
  213                Shared Variables: None.
  214             
  215                Author:           Glen George
  216                Last Modified:    May 15, 2003
  217             
  218             */
  219             
  220             static  enum keycode  key_lookup()
  221             {
iC-86  COMPILER   MAINLOOP                                                                   05/06/;6 18:25:47  PAGE   5


  222     1           /* variables */
  223     1       
  224     1           static const enum keycode  keycodes[] = /* array of keycodes */
  225     1               {                                   /* order must match keys array exactly */
  226     1                  KEYCODE_TRACKUP,    /* <Track Up>     */    /* also needs to have extra */
  227     1                  KEYCODE_TRACKDOWN,  /* <Track Down>   */    /* entry for illegal codes */
  228     1                  KEYCODE_PLAY,       /* <Play>         */
  229     1                  KEYCODE_RPTPLAY,    /* <Repeat Play>  */
  230     1                  KEYCODE_FASTFWD,    /* <Fast Forward> */
  231     1                  KEYCODE_REVERSE,    /* <Reverse>      */
  232     1                  KEYCODE_STOP,       /* <Stop>         */
  233     1                  KEYCODE_ILLEGAL     /* other keys     */
  234     1               }; 
  235     1       
  236     1           static const int  keys[] =   /* array of key values */
  237     1               {                        /* order must match keycodes array exactly */
  238     1                  KEY_TRACKUP,    /* <Track Up>     */
  239     1                  KEY_TRACKDOWN,  /* <Track Down>   */
  240     1                  KEY_PLAY,       /* <Play>         */
  241     1                  KEY_RPTPLAY,    /* <Repeat Play>  */
  242     1                  KEY_FASTFWD,    /* <Fast Forward> */
  243     1                  KEY_REVERSE,    /* <Reverse>      */
  244     1                  KEY_STOP        /* <Stop>         */
  245     1               }; 
  246     1       
  247     1           int     key;           /* an input key */
  248     1       
  249     1           size_t  i;             /* general loop index */
  250     1       
  251     1       
  252     1       
  253     1           /* get a key */
  254     1           key = getkey();
  255     1       
  256     1       
  257     1           /* lookup key in keys array */
  258     1           for (i = 0; ((i < (sizeof(keys)/sizeof(int))) && (key != keys[i])); i++);
  259     1       
  260     1       
  261     1           /* return the appropriate key type */
  262     1           return  keycodes[i];
  263     1       
  264     1       }
iC-86  COMPILER   MAINLOOP                                                                   05/06/;6 18:25:47  PAGE   6
                  ASSEMBLY LISTING OF OBJECT CODE


                                                   ; STATEMENT # 93
                           main      PROC NEAR
             006E  56              PUSH    SI
             006F  57              PUSH    DI
             0070  C80A0000        ENTER   0AH,0H
                           @1:
                                                   ; STATEMENT # 97
             0074  C746FC0000      MOV     [BP].cur_status,0H
                                                   ; STATEMENT # 98
             0079  C746FA0000      MOV     [BP].prev_status,0H
                                                   ; STATEMENT # 134
             007E  E80000          CALL    init_FAT_system
             0081  8946F6          MOV     [BP].root_dir_start,AX
             0084  8956F8          MOV     [BP].root_dir_start+2H,DX
                                                   ; STATEMENT # 137
             0087  09D2            OR      DX,DX
             0089  7504            JNZ     $+6H
             008B  81F80000        CMP     AX,0H
             008F  7503            JNZ     $+5H
             0091  E90F00          JMP     @2
                                                   ; STATEMENT # 139
             0094  52              PUSH    DX      ; 1
             0095  50              PUSH    AX      ; 2
             0096  E80000          CALL    get_first_dir_entry
             0099  81C40400        ADD     SP,4H
                                                   ; STATEMENT # 141
             009D  E80000          CALL    setup_cur_track_info
                                                   ; STATEMENT # 143
             00A0  E90300          JMP     @3
                           @2:
                                                   ; STATEMENT # 145
             00A3  E80000          CALL    setup_error_track_info
                                                   ; STATEMENT # 146
                           @3:
                                                   ; STATEMENT # 150
             00A6  E80000          CALL    get_track_time
             00A9  50              PUSH    AX      ; 1
             00AA  E80000          CALL    display_time
             00AD  59              POP     CX      ; 1
                                                   ; STATEMENT # 151
             00AE  E80000          CALL    get_track_title
             00B1  52              PUSH    DX      ; 1
             00B2  50              PUSH    AX      ; 2
             00B3  E80000          CALL    display_title
             00B6  81C40400        ADD     SP,4H
                                                   ; STATEMENT # 152
             00BA  E80000          CALL    get_track_artist
             00BD  52              PUSH    DX      ; 1
             00BE  50              PUSH    AX      ; 2
             00BF  E80000          CALL    display_artist
             00C2  81C40400        ADD     SP,4H
                                                   ; STATEMENT # 154
             00C6  8B5EFC          MOV     BX,[BP].cur_status
             00C9  D1E3            SAL     BX,1
             00CB  2EFFB70000      PUSH    CS:xlat_stat[BX]
             00D0  E80000          CALL    display_status
iC-86  COMPILER   MAINLOOP                                                                   05/06/;6 18:25:47  PAGE   7
                  ASSEMBLY LISTING OF OBJECT CODE


             00D3  59              POP     CX      ; 1
                                                   ; STATEMENT # 158
                           @5:
                                                   ; STATEMENT # 161
             00D4  8B5EFC          MOV     BX,[BP].cur_status
             00D7  53              PUSH    BX      ; 1
             00D8  D1E3            SAL     BX,1
             00DA  2EFF970800      CALL    CS:update_fnc[BX]
             00DF  59              POP     CX      ; 1
             00E0  8946FC          MOV     [BP].cur_status,AX
                                                   ; STATEMENT # 165
             00E3  E80000          CALL    key_available
             00E6  08C0            OR      AL,AL
             00E8  7503            JNZ     $+5H
             00EA  E91800          JMP     @6
                                                   ; STATEMENT # 168
             00ED  E83A00          CALL    key_lookup
             00F0  8946FE          MOV     [BP].key,AX
                                                   ; STATEMENT # 171
             00F3  8B5EFC          MOV     BX,[BP].cur_status
             00F6  53              PUSH    BX      ; 1
             00F7  6BF008          IMUL    SI,AX,8H
             00FA  D1E3            SAL     BX,1
             00FC  2EFF901000      CALL    CS:[BX].process_key[SI]
             0101  59              POP     CX      ; 1
             0102  8946FC          MOV     [BP].cur_status,AX
                                                   ; STATEMENT # 176
                           @6:
             0105  8B5EFC          MOV     BX,[BP].cur_status
             0108  3B5EFA          CMP     BX,[BP].prev_status
             010B  7503            JNZ     $+5H
             010D  E90B00          JMP     @7
                                                   ; STATEMENT # 179
             0110  D1E3            SAL     BX,1
             0112  2EFFB70000      PUSH    CS:xlat_stat[BX]
             0117  E80000          CALL    display_status
             011A  59              POP     CX      ; 1
                                                   ; STATEMENT # 183
                           @7:
             011B  8B46FC          MOV     AX,[BP].cur_status
             011E  8946FA          MOV     [BP].prev_status,AX
                                                   ; STATEMENT # 184
             0121  E9B0FF          JMP     @5
                           @4:
                                                   ; STATEMENT # 188
             0124  31C0            XOR     AX,AX
             0126  C9              LEAVE
             0127  5F              POP     DI
             0128  5E              POP     SI
             0129  C3              RET
                                                   ; STATEMENT # 190
                           main      ENDP
                                                   ; STATEMENT # 221
                           key_lookup      PROC NEAR
             012A  56              PUSH    SI
             012B  57              PUSH    DI
iC-86  COMPILER   MAINLOOP                                                                   05/06/;6 18:25:47  PAGE   8
                  ASSEMBLY LISTING OF OBJECT CODE


             012C  C8040000        ENTER   4H,0H
                           @8:
                                                   ; STATEMENT # 254
             0130  E80000          CALL    getkey
             0133  8946FE          MOV     [BP].key,AX
                                                   ; STATEMENT # 258
             0136  C746FC0000      MOV     [BP].i,0H
             013B  E90300          JMP     @11
                           @9:
             013E  FF46FC          INC     [BP].i
                           @11:
             0141  8B5EFC          MOV     BX,[BP].i
             0144  81FB0700        CMP     BX,7H
             0148  7203            JB      $+5H
             014A  E91200          JMP     @10
             014D  D1E3            SHL     BX,1
             014F  2E8B876000      MOV     AX,CS:keys[BX]
             0154  3B46FE          CMP     AX,[BP].key
             0157  7503            JNZ     $+5H
             0159  E90300          JMP     @10
             015C  E9DFFF          JMP     @9
                           @10:
                                                   ; STATEMENT # 262
             015F  8B5EFC          MOV     BX,[BP].i
             0162  D1E3            SHL     BX,1
             0164  2E8B875000      MOV     AX,CS:keycodes[BX]
             0169  C9              LEAVE
             016A  5F              POP     DI
             016B  5E              POP     SI
             016C  C3              RET
                                                   ; STATEMENT # 264
                           key_lookup      ENDP



MODULE INFORMATION:

     CODE AREA SIZE               = 00FFH    255D
     CONSTANT AREA SIZE           = 006EH    110D
     DATA AREA SIZE               = 0000H      0D
     MAXIMUM STACK SIZE           = 0016H     22D

iC-86 COMPILATION COMPLETE.      0 WARNINGS,     0 ERRORS
